# JRE version: 7.0_25-b17
# Java VM: Java HotSpot(TM) 64-Bit Server VM (23.25-b01 mixed mode windows-amd64 compressed oops)
Heap
 PSYoungGen      total 277056K, used 159827K [0x00000007d5560000, 0x00000007e7320000, 0x0000000800000000)
  eden space 262144K, 56% used [0x00000007d5560000,0x00000007de70f0b0,0x00000007e5560000)
  from space 14912K, 71% used [0x00000007e6490000,0x00000007e6ef5d40,0x00000007e7320000)
  to   space 15232K, 0% used [0x00000007e5560000,0x00000007e5560000,0x00000007e6440000)
 ParOldGen       total 87424K, used 20371K [0x0000000780000000, 0x0000000785560000, 0x00000007d5560000)
  object space 87424K, 23% used [0x0000000780000000,0x00000007813e4f40,0x0000000785560000)
 PSPermGen       total 22592K, used 22540K [0x0000000760000000, 0x0000000761610000, 0x0000000780000000)
  object space 22592K, 99% used [0x0000000760000000,0x00000007616033e8,0x0000000761610000)
GC Heap History (10 events):
Event: 0.726 GC heap before
{Heap before GC invocations=2 (full 0):
 PSYoungGen      total 38208K, used 38194K [0x00000007d5560000, 0x00000007da000000, 0x0000000800000000)
  eden space 32768K, 100% used [0x00000007d5560000,0x00000007d7560000,0x00000007d7560000)
  from space 5440K, 99% used [0x00000007d7560000,0x00000007d7aac870,0x00000007d7ab0000)
  to   space 5440K, 0% used [0x00000007d9ab0000,0x00000007d9ab0000,0x00000007da000000)
 ParOldGen       total 87424K, used 918K [0x0000000780000000, 0x0000000785560000, 0x00000007d5560000)
  object space 87424K, 1% used [0x0000000780000000,0x00000007800e5978,0x0000000785560000)
 PSPermGen       total 21248K, used 12218K [0x0000000760000000, 0x00000007614c0000, 0x0000000780000000)
  object space 21248K, 57% used [0x0000000760000000,0x0000000760beebe8,0x00000007614c0000)
Event: 0.730 GC heap after
Heap after GC invocations=2 (full 0):
 PSYoungGen      total 70976K, used 5424K [0x00000007d5560000, 0x00000007da000000, 0x0000000800000000)
  eden space 65536K, 0% used [0x00000007d5560000,0x00000007d5560000,0x00000007d9560000)
  from space 5440K, 99% used [0x00000007d9ab0000,0x00000007d9ffc128,0x00000007da000000)
  to   space 5440K, 0% used [0x00000007d9560000,0x00000007d9560000,0x00000007d9ab0000)
 ParOldGen       total 87424K, used 2415K [0x0000000780000000, 0x0000000785560000, 0x00000007d5560000)
  object space 87424K, 2% used [0x0000000780000000,0x000000078025bcf0,0x0000000785560000)
 PSPermGen       total 21248K, used 12218K [0x0000000760000000, 0x00000007614c0000, 0x0000000780000000)
  object space 21248K, 57% used [0x0000000760000000,0x0000000760beebe8,0x00000007614c0000)
}
Event: 1.144 GC heap before
{Heap before GC invocations=3 (full 0):
 PSYoungGen      total 70976K, used 70960K [0x00000007d5560000, 0x00000007da000000, 0x0000000800000000)
  eden space 65536K, 100% used [0x00000007d5560000,0x00000007d9560000,0x00000007d9560000)
  from space 5440K, 99% used [0x00000007d9ab0000,0x00000007d9ffc128,0x00000007da000000)
  to   space 5440K, 0% used [0x00000007d9560000,0x00000007d9560000,0x00000007d9ab0000)
 ParOldGen       total 87424K, used 2415K [0x0000000780000000, 0x0000000785560000, 0x00000007d5560000)
  object space 87424K, 2% used [0x0000000780000000,0x000000078025bcf0,0x0000000785560000)
 PSPermGen       total 21248K, used 14399K [0x0000000760000000, 0x00000007614c0000, 0x0000000780000000)
  object space 21248K, 67% used [0x0000000760000000,0x0000000760e0fc88,0x00000007614c0000)
Event: 1.149 GC heap after
Heap after GC invocations=3 (full 0):
 PSYoungGen      total 70976K, used 5421K [0x00000007d5560000, 0x00000007de000000, 0x0000000800000000)
  eden space 65536K, 0% used [0x00000007d5560000,0x00000007d5560000,0x00000007d9560000)
  from space 5440K, 99% used [0x00000007d9560000,0x00000007d9aab5c8,0x00000007d9ab0000)
  to   space 5440K, 0% used [0x00000007ddab0000,0x00000007ddab0000,0x00000007de000000)
 ParOldGen       total 87424K, used 5639K [0x0000000780000000, 0x0000000785560000, 0x00000007d5560000)
  object space 87424K, 6% used [0x0000000780000000,0x0000000780581c18,0x0000000785560000)
 PSPermGen       total 21248K, used 14399K [0x0000000760000000, 0x00000007614c0000, 0x0000000780000000)
  object space 21248K, 67% used [0x0000000760000000,0x0000000760e0fc88,0x00000007614c0000)
}
Event: 1.618 GC heap before
{Heap before GC invocations=4 (full 0):
 PSYoungGen      total 70976K, used 70957K [0x00000007d5560000, 0x00000007de000000, 0x0000000800000000)
  eden space 65536K, 100% used [0x00000007d5560000,0x00000007d9560000,0x00000007d9560000)
  from space 5440K, 99% used [0x00000007d9560000,0x00000007d9aab5c8,0x00000007d9ab0000)
  to   space 5440K, 0% used [0x00000007ddab0000,0x00000007ddab0000,0x00000007de000000)
 ParOldGen       total 87424K, used 5639K [0x0000000780000000, 0x0000000785560000, 0x00000007d5560000)
  object space 87424K, 6% used [0x0000000780000000,0x0000000780581c18,0x0000000785560000)
 PSPermGen       total 21248K, used 16749K [0x0000000760000000, 0x00000007614c0000, 0x0000000780000000)
  object space 21248K, 78% used [0x0000000760000000,0x000000076105b6c8,0x00000007614c0000)
Event: 1.624 GC heap after
Heap after GC invocations=4 (full 0):
 PSYoungGen      total 136512K, used 5415K [0x00000007d5560000, 0x00000007de000000, 0x0000000800000000)
  eden space 131072K, 0% used [0x00000007d5560000,0x00000007d5560000,0x00000007dd560000)
  from space 5440K, 99% used [0x00000007ddab0000,0x00000007ddff9eb8,0x00000007de000000)
  to   space 5440K, 0% used [0x00000007dd560000,0x00000007dd560000,0x00000007ddab0000)
 ParOldGen       total 87424K, used 8718K [0x0000000780000000, 0x0000000785560000, 0x00000007d5560000)
  object space 87424K, 9% used [0x0000000780000000,0x0000000780883858,0x0000000785560000)
 PSPermGen       total 21248K, used 16749K [0x0000000760000000, 0x00000007614c0000, 0x0000000780000000)
  object space 21248K, 78% used [0x0000000760000000,0x000000076105b6c8,0x00000007614c0000)
}
Event: 2.561 GC heap before
{Heap before GC invocations=5 (full 0):
 PSYoungGen      total 136512K, used 136487K [0x00000007d5560000, 0x00000007de000000, 0x0000000800000000)
  eden space 131072K, 100% used [0x00000007d5560000,0x00000007dd560000,0x00000007dd560000)
  from space 5440K, 99% used [0x00000007ddab0000,0x00000007ddff9eb8,0x00000007de000000)
  to   space 5440K, 0% used [0x00000007dd560000,0x00000007dd560000,0x00000007ddab0000)
 ParOldGen       total 87424K, used 8718K [0x0000000780000000, 0x0000000785560000, 0x00000007d5560000)
  object space 87424K, 9% used [0x0000000780000000,0x0000000780883858,0x0000000785560000)
 PSPermGen       total 21248K, used 18932K [0x0000000760000000, 0x00000007614c0000, 0x0000000780000000)
  object space 21248K, 89% used [0x0000000760000000,0x000000076127d298,0x00000007614c0000)
Event: 2.569 GC heap after
Heap after GC invocations=5 (full 0):
 PSYoungGen      total 136512K, used 5412K [0x00000007d5560000, 0x00000007e73c0000, 0x0000000800000000)
  eden space 131072K, 0% used [0x00000007d5560000,0x00000007d5560000,0x00000007dd560000)
  from space 5440K, 99% used [0x00000007dd560000,0x00000007ddaa9370,0x00000007ddab0000)
  to   space 15552K, 0% used [0x00000007e6490000,0x00000007e6490000,0x00000007e73c0000)
 ParOldGen       total 87424K, used 20371K [0x0000000780000000, 0x0000000785560000, 0x00000007d5560000)
  object space 87424K, 23% used [0x0000000780000000,0x00000007813e4f40,0x0000000785560000)
 PSPermGen       total 21248K, used 18932K [0x0000000760000000, 0x00000007614c0000, 0x0000000780000000)
  object space 21248K, 89% used [0x0000000760000000,0x000000076127d298,0x00000007614c0000)
}
Event: 3.013 GC heap before
{Heap before GC invocations=6 (full 0):
 PSYoungGen      total 136512K, used 136484K [0x00000007d5560000, 0x00000007e73c0000, 0x0000000800000000)
  eden space 131072K, 100% used [0x00000007d5560000,0x00000007dd560000,0x00000007dd560000)
  from space 5440K, 99% used [0x00000007dd560000,0x00000007ddaa9370,0x00000007ddab0000)
  to   space 15552K, 0% used [0x00000007e6490000,0x00000007e6490000,0x00000007e73c0000)
 ParOldGen       total 87424K, used 20371K [0x0000000780000000, 0x0000000785560000, 0x00000007d5560000)
  object space 87424K, 23% used [0x0000000780000000,0x00000007813e4f40,0x0000000785560000)
 PSPermGen       total 21824K, used 21794K [0x0000000760000000, 0x0000000761550000, 0x0000000780000000)
  object space 21824K, 99% used [0x0000000760000000,0x0000000761548828,0x0000000761550000)
Event: 3.019 GC heap after
Heap after GC invocations=6 (full 0):
 PSYoungGen      total 277056K, used 10647K [0x00000007d5560000, 0x00000007e7320000, 0x0000000800000000)
  eden space 262144K, 0% used [0x00000007d5560000,0x00000007d5560000,0x00000007e5560000)
  from space 14912K, 71% used [0x00000007e6490000,0x00000007e6ef5d40,0x00000007e7320000)
  to   space 15232K, 0% used [0x00000007e5560000,0x00000007e5560000,0x00000007e6440000)
 ParOldGen       total 87424K, used 20371K [0x0000000780000000, 0x0000000785560000, 0x00000007d5560000)
  object space 87424K, 23% used [0x0000000780000000,0x00000007813e4f40,0x0000000785560000)
 PSPermGen       total 21824K, used 21794K [0x0000000760000000, 0x0000000761550000, 0x0000000780000000)
  object space 21824K, 99% used [0x0000000760000000,0x0000000761548828,0x0000000761550000)
}

